<?xml version="1.0" encoding="UTF-8"?>
<testng-results ignored="0" total="1" passed="1" failed="0" skipped="0">
  <reporter-output>
  </reporter-output>
  <suite started-at="2024-08-15T10:25:56 IST" name="Default suite" finished-at="2024-08-15T10:26:07 IST" duration-ms="10588">
    <groups>
    </groups>
    <test started-at="2024-08-15T10:25:56 IST" name="Default test" finished-at="2024-08-15T10:26:07 IST" duration-ms="10588">
      <class name="Tuto1.Tuto1.Fieldsvalidation">
        <test-method is-config="true" signature="browser()[pri:0, instance:Tuto1.Tuto1.Fieldsvalidation@4c402120]" started-at="2024-08-15T10:25:56 IST" name="browser" finished-at="2024-08-15T10:26:00 IST" duration-ms="3775" status="PASS">
          <reporter-output>
          </reporter-output>
        </test-method> <!-- browser -->
        <test-method signature="test1()[pri:0, instance:Tuto1.Tuto1.Fieldsvalidation@4c402120]" started-at="2024-08-15T10:26:00 IST" name="test1" finished-at="2024-08-15T10:26:07 IST" duration-ms="6671" status="PASS">
          <reporter-output>
          </reporter-output>
        </test-method> <!-- test1 -->
        <test-method is-config="true" signature="teardown()[pri:0, instance:Tuto1.Tuto1.Fieldsvalidation@4c402120]" started-at="2024-08-15T10:26:07 IST" name="teardown" finished-at="2024-08-15T10:26:07 IST" duration-ms="96" status="PASS">
          <reporter-output>
          </reporter-output>
        </test-method> <!-- teardown -->
      </class> <!-- Tuto1.Tuto1.Fieldsvalidation -->
    </test> <!-- Default test -->
  </suite> <!-- Default suite -->
</testng-results>
