<?xml version="1.0" encoding="UTF-8"?>
<testng-results ignored="0" total="2" passed="2" failed="0" skipped="0">
  <reporter-output>
  </reporter-output>
  <suite started-at="2024-08-26T11:25:30 IST" name="Suite" finished-at="2024-08-26T11:26:01 IST" duration-ms="31323">
    <groups>
    </groups>
    <test started-at="2024-08-26T11:25:30 IST" name="Testc" finished-at="2024-08-26T11:25:45 IST" duration-ms="15538">
      <class name="Tuto1.Tuto1.doubleclick">
        <test-method is-config="true" signature="browser(java.lang.String)[pri:0, instance:Tuto1.Tuto1.doubleclick@3b69e7d1]" started-at="2024-08-26T11:25:30 IST" name="browser" finished-at="2024-08-26T11:25:31 IST" duration-ms="1856" status="PASS">
          <params>
            <param index="0">
              <value>
                <![CDATA[Chrome]]>
              </value>
            </param>
          </params>
          <reporter-output>
          </reporter-output>
        </test-method> <!-- browser -->
        <test-method signature="dc()[pri:0, instance:Tuto1.Tuto1.doubleclick@3b69e7d1]" started-at="2024-08-26T11:25:31 IST" name="dc" finished-at="2024-08-26T11:25:45 IST" duration-ms="13542" status="PASS">
          <reporter-output>
          </reporter-output>
        </test-method> <!-- dc -->
        <test-method is-config="true" signature="teardown()[pri:0, instance:Tuto1.Tuto1.doubleclick@3b69e7d1]" started-at="2024-08-26T11:25:45 IST" name="teardown" finished-at="2024-08-26T11:25:45 IST" duration-ms="101" status="PASS">
          <reporter-output>
          </reporter-output>
        </test-method> <!-- teardown -->
      </class> <!-- Tuto1.Tuto1.doubleclick -->
    </test> <!-- Testc -->
    <test started-at="2024-08-26T11:25:45 IST" name="Testf" finished-at="2024-08-26T11:26:01 IST" duration-ms="15689">
      <class name="Tuto1.Tuto1.draganddrop">
        <test-method is-config="true" signature="browser(java.lang.String)[pri:0, instance:Tuto1.Tuto1.draganddrop@65e98b1c]" started-at="2024-08-26T11:25:45 IST" name="browser" finished-at="2024-08-26T11:25:48 IST" duration-ms="2863" status="PASS">
          <params>
            <param index="0">
              <value>
                <![CDATA[Firefox]]>
              </value>
            </param>
          </params>
          <reporter-output>
          </reporter-output>
        </test-method> <!-- browser -->
        <test-method signature="dd()[pri:0, instance:Tuto1.Tuto1.draganddrop@65e98b1c]" started-at="2024-08-26T11:25:48 IST" name="dd" finished-at="2024-08-26T11:26:00 IST" duration-ms="12045" status="PASS">
          <reporter-output>
          </reporter-output>
        </test-method> <!-- dd -->
        <test-method is-config="true" signature="teardown()[pri:0, instance:Tuto1.Tuto1.draganddrop@65e98b1c]" started-at="2024-08-26T11:26:00 IST" name="teardown" finished-at="2024-08-26T11:26:01 IST" duration-ms="773" status="PASS">
          <reporter-output>
          </reporter-output>
        </test-method> <!-- teardown -->
      </class> <!-- Tuto1.Tuto1.draganddrop -->
    </test> <!-- Testf -->
  </suite> <!-- Suite -->
</testng-results>
