<?xml version="1.0" encoding="UTF-8"?>
<testng-results ignored="0" total="1" passed="1" failed="0" skipped="0">
  <reporter-output>
  </reporter-output>
  <suite started-at="2024-08-19T09:14:26 IST" name="Surefire suite" finished-at="2024-08-19T09:14:43 IST" duration-ms="17555">
    <groups>
    </groups>
    <test started-at="2024-08-19T09:14:26 IST" name="Surefire test" finished-at="2024-08-19T09:14:43 IST" duration-ms="17555">
      <class name="Tuto1.Tuto1.Radiobutton">
        <test-method is-config="true" signature="browser()[pri:0, instance:Tuto1.Tuto1.Radiobutton@7920ba90]" started-at="2024-08-19T09:14:26 IST" name="browser" finished-at="2024-08-19T09:14:28 IST" duration-ms="1933" status="PASS">
          <reporter-output>
          </reporter-output>
        </test-method> <!-- browser -->
        <test-method signature="radio()[pri:0, instance:Tuto1.Tuto1.Radiobutton@7920ba90]" started-at="2024-08-19T09:14:28 IST" name="radio" finished-at="2024-08-19T09:14:43 IST" duration-ms="15372" status="PASS">
          <reporter-output>
          </reporter-output>
        </test-method> <!-- radio -->
        <test-method is-config="true" signature="teardown()[pri:0, instance:Tuto1.Tuto1.Radiobutton@7920ba90]" started-at="2024-08-19T09:14:43 IST" name="teardown" finished-at="2024-08-19T09:14:43 IST" duration-ms="191" status="PASS">
          <reporter-output>
          </reporter-output>
        </test-method> <!-- teardown -->
      </class> <!-- Tuto1.Tuto1.Radiobutton -->
    </test> <!-- Surefire test -->
  </suite> <!-- Surefire suite -->
</testng-results>
